<?xml version="1.0" encoding="UTF-8"?>
<testsuites>
  <testsuite name="/app/phpunit.xml.dist" tests="25" assertions="45" errors="0" failures="0" skipped="0" time="1.185672">
    <testsuite name="Unit" tests="4" assertions="21" errors="0" failures="0" skipped="0" time="0.303611">
      <testsuite name="Tests\Unit\Playground\Make\Blade\Configuration\Blade\InstanceTest" file="/app/tests/Unit/Configuration/Blade/InstanceTest.php" tests="4" assertions="21" errors="0" failures="0" skipped="0" time="0.303611">
        <testcase name="test_instance" file="/app/tests/Unit/Configuration/Blade/InstanceTest.php" line="19" class="Tests\Unit\Playground\Make\Blade\Configuration\Blade\InstanceTest" classname="Tests.Unit.Playground.Make.Blade.Configuration.Blade.InstanceTest" assertions="1" time="0.232133"/>
        <testcase name="test_instance_apply_without_options" file="/app/tests/Unit/Configuration/Blade/InstanceTest.php" line="51" class="Tests\Unit\Playground\Make\Blade\Configuration\Blade\InstanceTest" classname="Tests.Unit.Playground.Make.Blade.Configuration.Blade.InstanceTest" assertions="4" time="0.024963"/>
        <testcase name="test_folder_is_empty_by_default" file="/app/tests/Unit/Configuration/Blade/InstanceTest.php" line="68" class="Tests\Unit\Playground\Make\Blade\Configuration\Blade\InstanceTest" classname="Tests.Unit.Playground.Make.Blade.Configuration.Blade.InstanceTest" assertions="3" time="0.022895"/>
        <testcase name="test_blade_for_model_with_file_and_skeleton" file="/app/tests/Unit/Configuration/Blade/InstanceTest.php" line="78" class="Tests\Unit\Playground\Make\Blade\Configuration\Blade\InstanceTest" classname="Tests.Unit.Playground.Make.Blade.Configuration.Blade.InstanceTest" assertions="13" time="0.023621"/>
      </testsuite>
    </testsuite>
    <testsuite name="Feature" tests="21" assertions="24" errors="0" failures="0" skipped="0" time="0.882061">
      <testsuite name="Tests\Feature\Playground\Make\Blade\Console\Commands\BladeMakeCommand\CommandTest" file="/app/tests/Feature/Console/BladeMakeCommand/CommandTest.php" tests="2" assertions="3" errors="0" failures="0" skipped="0" time="0.153695">
        <testcase name="test_command_without_options_or_arguments" file="/app/tests/Feature/Console/BladeMakeCommand/CommandTest.php" line="19" class="Tests\Feature\Playground\Make\Blade\Console\Commands\BladeMakeCommand\CommandTest" classname="Tests.Feature.Playground.Make.Blade.Console.Commands.BladeMakeCommand.CommandTest" assertions="2" time="0.118229"/>
        <testcase name="test_command_skeleton" file="/app/tests/Feature/Console/BladeMakeCommand/CommandTest.php" line="29" class="Tests\Feature\Playground\Make\Blade\Console\Commands\BladeMakeCommand\CommandTest" classname="Tests.Feature.Playground.Make.Blade.Console.Commands.BladeMakeCommand.CommandTest" assertions="1" time="0.035466"/>
      </testsuite>
      <testsuite name="Tests\Feature\Playground\Make\Blade\Console\Commands\BladeMakeCommand\OptionsTest" file="/app/tests/Feature/Console/BladeMakeCommand/OptionsTest.php" tests="1" assertions="1" errors="0" failures="0" skipped="0" time="0.034121">
        <testcase name="test_command_with_options" file="/app/tests/Feature/Console/BladeMakeCommand/OptionsTest.php" line="19" class="Tests\Feature\Playground\Make\Blade\Console\Commands\BladeMakeCommand\OptionsTest" classname="Tests.Feature.Playground.Make.Blade.Console.Commands.BladeMakeCommand.OptionsTest" assertions="1" time="0.034121"/>
      </testsuite>
      <testsuite name="Tests\Feature\Playground\Make\Blade\Console\Commands\BladeMakeCommand\ResourceTest" file="/app/tests/Feature/Console/BladeMakeCommand/ResourceTest.php" tests="9" assertions="10" errors="0" failures="0" skipped="0" time="0.323119">
        <testcase name="test_command_make_playground_resource_blade_with_force_and_without_skeleton" file="/app/tests/Feature/Console/BladeMakeCommand/ResourceTest.php" line="20" class="Tests\Feature\Playground\Make\Blade\Console\Commands\BladeMakeCommand\ResourceTest" classname="Tests.Feature.Playground.Make.Blade.Console.Commands.BladeMakeCommand.ResourceTest" assertions="1" time="0.041386"/>
        <testcase name="test_command_make_playground_resource_blade_with_force_and_with_skeleton" file="/app/tests/Feature/Console/BladeMakeCommand/ResourceTest.php" line="37" class="Tests\Feature\Playground\Make\Blade\Console\Commands\BladeMakeCommand\ResourceTest" classname="Tests.Feature.Playground.Make.Blade.Console.Commands.BladeMakeCommand.ResourceTest" assertions="1" time="0.038981"/>
        <testcase name="test_command_make_playground_resource_blade_without_name_with_force_and_without_skeleton_without_file" file="/app/tests/Feature/Console/BladeMakeCommand/ResourceTest.php" line="51" class="Tests\Feature\Playground\Make\Blade\Console\Commands\BladeMakeCommand\ResourceTest" classname="Tests.Feature.Playground.Make.Blade.Console.Commands.BladeMakeCommand.ResourceTest" assertions="2" time="0.028147"/>
        <testcase name="test_command_make_playground_resource_blade_with_force_and_without_skeleton_without_file" file="/app/tests/Feature/Console/BladeMakeCommand/ResourceTest.php" line="63" class="Tests\Feature\Playground\Make\Blade\Console\Commands\BladeMakeCommand\ResourceTest" classname="Tests.Feature.Playground.Make.Blade.Console.Commands.BladeMakeCommand.ResourceTest" assertions="1" time="0.037495"/>
        <testcase name="test_command_make_playground_resource_blade_with_force_and_with_skeleton_without_file" file="/app/tests/Feature/Console/BladeMakeCommand/ResourceTest.php" line="74" class="Tests\Feature\Playground\Make\Blade\Console\Commands\BladeMakeCommand\ResourceTest" classname="Tests.Feature.Playground.Make.Blade.Console.Commands.BladeMakeCommand.ResourceTest" assertions="1" time="0.040602"/>
        <testcase name="test_command_make_playground_resource_index_blade_with_force_and_without_skeleton" file="/app/tests/Feature/Console/BladeMakeCommand/ResourceTest.php" line="85" class="Tests\Feature\Playground\Make\Blade\Console\Commands\BladeMakeCommand\ResourceTest" classname="Tests.Feature.Playground.Make.Blade.Console.Commands.BladeMakeCommand.ResourceTest" assertions="1" time="0.032728"/>
        <testcase name="test_command_make_playground_resource_index_blade_with_force_and_with_skeleton" file="/app/tests/Feature/Console/BladeMakeCommand/ResourceTest.php" line="99" class="Tests\Feature\Playground\Make\Blade\Console\Commands\BladeMakeCommand\ResourceTest" classname="Tests.Feature.Playground.Make.Blade.Console.Commands.BladeMakeCommand.ResourceTest" assertions="1" time="0.032580"/>
        <testcase name="test_command_make_playground_resource_index_blade_with_force_and_without_skeleton_without_file" file="/app/tests/Feature/Console/BladeMakeCommand/ResourceTest.php" line="113" class="Tests\Feature\Playground\Make\Blade\Console\Commands\BladeMakeCommand\ResourceTest" classname="Tests.Feature.Playground.Make.Blade.Console.Commands.BladeMakeCommand.ResourceTest" assertions="1" time="0.036023"/>
        <testcase name="test_command_make_playground_resource_index_blade_with_force_and_with_skeleton_without_file" file="/app/tests/Feature/Console/BladeMakeCommand/ResourceTest.php" line="124" class="Tests\Feature\Playground\Make\Blade\Console\Commands\BladeMakeCommand\ResourceTest" classname="Tests.Feature.Playground.Make.Blade.Console.Commands.BladeMakeCommand.ResourceTest" assertions="1" time="0.035177"/>
      </testsuite>
      <testsuite name="Tests\Feature\Playground\Make\Blade\Console\Commands\BladeMakeCommand\SiteTest" file="/app/tests/Feature/Console/BladeMakeCommand/SiteTest.php" tests="8" assertions="8" errors="0" failures="0" skipped="0" time="0.258116">
        <testcase name="test_command_make_site_blade_with_force_and_without_skeleton" file="/app/tests/Feature/Console/BladeMakeCommand/SiteTest.php" line="19" class="Tests\Feature\Playground\Make\Blade\Console\Commands\BladeMakeCommand\SiteTest" classname="Tests.Feature.Playground.Make.Blade.Console.Commands.BladeMakeCommand.SiteTest" assertions="1" time="0.031685"/>
        <testcase name="test_command_make_site_blade_with_force_and_with_skeleton" file="/app/tests/Feature/Console/BladeMakeCommand/SiteTest.php" line="33" class="Tests\Feature\Playground\Make\Blade\Console\Commands\BladeMakeCommand\SiteTest" classname="Tests.Feature.Playground.Make.Blade.Console.Commands.BladeMakeCommand.SiteTest" assertions="1" time="0.034563"/>
        <testcase name="test_command_make_site_blade_with_force_and_without_skeleton_without_file" file="/app/tests/Feature/Console/BladeMakeCommand/SiteTest.php" line="47" class="Tests\Feature\Playground\Make\Blade\Console\Commands\BladeMakeCommand\SiteTest" classname="Tests.Feature.Playground.Make.Blade.Console.Commands.BladeMakeCommand.SiteTest" assertions="1" time="0.030719"/>
        <testcase name="test_command_make_site_blade_with_force_and_with_skeleton_without_file" file="/app/tests/Feature/Console/BladeMakeCommand/SiteTest.php" line="58" class="Tests\Feature\Playground\Make\Blade\Console\Commands\BladeMakeCommand\SiteTest" classname="Tests.Feature.Playground.Make.Blade.Console.Commands.BladeMakeCommand.SiteTest" assertions="1" time="0.030876"/>
        <testcase name="test_command_make_playground_blade_with_force_and_without_skeleton" file="/app/tests/Feature/Console/BladeMakeCommand/SiteTest.php" line="69" class="Tests\Feature\Playground\Make\Blade\Console\Commands\BladeMakeCommand\SiteTest" classname="Tests.Feature.Playground.Make.Blade.Console.Commands.BladeMakeCommand.SiteTest" assertions="1" time="0.032298"/>
        <testcase name="test_command_make_playground_blade_with_force_and_with_skeleton" file="/app/tests/Feature/Console/BladeMakeCommand/SiteTest.php" line="83" class="Tests\Feature\Playground\Make\Blade\Console\Commands\BladeMakeCommand\SiteTest" classname="Tests.Feature.Playground.Make.Blade.Console.Commands.BladeMakeCommand.SiteTest" assertions="1" time="0.034590"/>
        <testcase name="test_command_make_playground_blade_with_force_and_without_skeleton_without_file" file="/app/tests/Feature/Console/BladeMakeCommand/SiteTest.php" line="97" class="Tests\Feature\Playground\Make\Blade\Console\Commands\BladeMakeCommand\SiteTest" classname="Tests.Feature.Playground.Make.Blade.Console.Commands.BladeMakeCommand.SiteTest" assertions="1" time="0.031287"/>
        <testcase name="test_command_make_playground_blade_with_force_and_with_skeleton_without_file" file="/app/tests/Feature/Console/BladeMakeCommand/SiteTest.php" line="108" class="Tests\Feature\Playground\Make\Blade\Console\Commands\BladeMakeCommand\SiteTest" classname="Tests.Feature.Playground.Make.Blade.Console.Commands.BladeMakeCommand.SiteTest" assertions="1" time="0.032097"/>
      </testsuite>
      <testsuite name="Tests\Feature\Playground\Make\Blade\Console\Commands\About\CommandTest" file="/app/tests/Feature/Console/Commands/About/CommandTest.php" tests="1" assertions="2" errors="0" failures="0" skipped="0" time="0.113011">
        <testcase name="test_command_about_displays_package_information_and_succeed_with_code_0" file="/app/tests/Feature/Console/Commands/About/CommandTest.php" line="27" class="Tests\Feature\Playground\Make\Blade\Console\Commands\About\CommandTest" classname="Tests.Feature.Playground.Make.Blade.Console.Commands.About.CommandTest" assertions="2" time="0.113011"/>
      </testsuite>
    </testsuite>
  </testsuite>
</testsuites>
