<?xml version="1.0" encoding="UTF-8"?>
<testsuites>
  <testsuite name="/app/phpunit.xml.dist" tests="26" assertions="62" errors="0" failures="0" skipped="0" time="1.178693">
    <testsuite name="Unit" tests="5" assertions="38" errors="0" failures="0" skipped="0" time="0.321864">
      <testsuite name="Tests\Unit\Playground\Make\Blade\Configuration\Blade\InstanceTest" file="/app/tests/Unit/Configuration/Blade/InstanceTest.php" tests="5" assertions="38" errors="0" failures="0" skipped="0" time="0.321864">
        <testcase name="test_instance" file="/app/tests/Unit/Configuration/Blade/InstanceTest.php" line="19" class="Tests\Unit\Playground\Make\Blade\Configuration\Blade\InstanceTest" classname="Tests.Unit.Playground.Make.Blade.Configuration.Blade.InstanceTest" assertions="1" time="0.230285"/>
        <testcase name="test_instance_apply_without_options" file="/app/tests/Unit/Configuration/Blade/InstanceTest.php" line="51" class="Tests\Unit\Playground\Make\Blade\Configuration\Blade\InstanceTest" classname="Tests.Unit.Playground.Make.Blade.Configuration.Blade.InstanceTest" assertions="4" time="0.024153"/>
        <testcase name="test_folder_is_empty_by_default" file="/app/tests/Unit/Configuration/Blade/InstanceTest.php" line="68" class="Tests\Unit\Playground\Make\Blade\Configuration\Blade\InstanceTest" classname="Tests.Unit.Playground.Make.Blade.Configuration.Blade.InstanceTest" assertions="3" time="0.021857"/>
        <testcase name="test_blade_for_model_with_file_and_skeleton" file="/app/tests/Unit/Configuration/Blade/InstanceTest.php" line="78" class="Tests\Unit\Playground\Make\Blade\Configuration\Blade\InstanceTest" classname="Tests.Unit.Playground.Make.Blade.Configuration.Blade.InstanceTest" assertions="13" time="0.023013"/>
        <testcase name="test_blade_for_rocket_model_with_file_and_skeleton" file="/app/tests/Unit/Configuration/Blade/InstanceTest.php" line="104" class="Tests\Unit\Playground\Make\Blade\Configuration\Blade\InstanceTest" classname="Tests.Unit.Playground.Make.Blade.Configuration.Blade.InstanceTest" assertions="17" time="0.022557"/>
      </testsuite>
    </testsuite>
    <testsuite name="Feature" tests="21" assertions="24" errors="0" failures="0" skipped="0" time="0.856829">
      <testsuite name="Tests\Feature\Playground\Make\Blade\Console\Commands\About\CommandTest" file="/app/tests/Feature/Console/Commands/About/CommandTest.php" tests="1" assertions="2" errors="0" failures="0" skipped="0" time="0.197764">
        <testcase name="test_command_about_displays_package_information_and_succeed_with_code_0" file="/app/tests/Feature/Console/Commands/About/CommandTest.php" line="27" class="Tests\Feature\Playground\Make\Blade\Console\Commands\About\CommandTest" classname="Tests.Feature.Playground.Make.Blade.Console.Commands.About.CommandTest" assertions="2" time="0.197764"/>
      </testsuite>
      <testsuite name="Tests\Feature\Playground\Make\Blade\Console\Commands\BladeMakeCommand\CommandTest" file="/app/tests/Feature/Console/Commands/BladeMakeCommand/CommandTest.php" tests="2" assertions="3" errors="0" failures="0" skipped="0" time="0.062479">
        <testcase name="test_command_without_options_or_arguments" file="/app/tests/Feature/Console/Commands/BladeMakeCommand/CommandTest.php" line="19" class="Tests\Feature\Playground\Make\Blade\Console\Commands\BladeMakeCommand\CommandTest" classname="Tests.Feature.Playground.Make.Blade.Console.Commands.BladeMakeCommand.CommandTest" assertions="2" time="0.029993"/>
        <testcase name="test_command_skeleton" file="/app/tests/Feature/Console/Commands/BladeMakeCommand/CommandTest.php" line="29" class="Tests\Feature\Playground\Make\Blade\Console\Commands\BladeMakeCommand\CommandTest" classname="Tests.Feature.Playground.Make.Blade.Console.Commands.BladeMakeCommand.CommandTest" assertions="1" time="0.032486"/>
      </testsuite>
      <testsuite name="Tests\Feature\Playground\Make\Blade\Console\Commands\BladeMakeCommand\OptionsTest" file="/app/tests/Feature/Console/Commands/BladeMakeCommand/OptionsTest.php" tests="1" assertions="1" errors="0" failures="0" skipped="0" time="0.031442">
        <testcase name="test_command_with_options" file="/app/tests/Feature/Console/Commands/BladeMakeCommand/OptionsTest.php" line="19" class="Tests\Feature\Playground\Make\Blade\Console\Commands\BladeMakeCommand\OptionsTest" classname="Tests.Feature.Playground.Make.Blade.Console.Commands.BladeMakeCommand.OptionsTest" assertions="1" time="0.031442"/>
      </testsuite>
      <testsuite name="Tests\Feature\Playground\Make\Blade\Console\Commands\BladeMakeCommand\ResourceTest" file="/app/tests/Feature/Console/Commands/BladeMakeCommand/ResourceTest.php" tests="9" assertions="10" errors="0" failures="0" skipped="0" time="0.310666">
        <testcase name="test_command_make_playground_resource_blade_with_force_and_without_skeleton" file="/app/tests/Feature/Console/Commands/BladeMakeCommand/ResourceTest.php" line="20" class="Tests\Feature\Playground\Make\Blade\Console\Commands\BladeMakeCommand\ResourceTest" classname="Tests.Feature.Playground.Make.Blade.Console.Commands.BladeMakeCommand.ResourceTest" assertions="1" time="0.041937"/>
        <testcase name="test_command_make_playground_resource_blade_with_force_and_with_skeleton" file="/app/tests/Feature/Console/Commands/BladeMakeCommand/ResourceTest.php" line="37" class="Tests\Feature\Playground\Make\Blade\Console\Commands\BladeMakeCommand\ResourceTest" classname="Tests.Feature.Playground.Make.Blade.Console.Commands.BladeMakeCommand.ResourceTest" assertions="1" time="0.041317"/>
        <testcase name="test_command_make_playground_resource_blade_without_name_with_force_and_without_skeleton_without_file" file="/app/tests/Feature/Console/Commands/BladeMakeCommand/ResourceTest.php" line="51" class="Tests\Feature\Playground\Make\Blade\Console\Commands\BladeMakeCommand\ResourceTest" classname="Tests.Feature.Playground.Make.Blade.Console.Commands.BladeMakeCommand.ResourceTest" assertions="2" time="0.027414"/>
        <testcase name="test_command_make_playground_resource_blade_with_force_and_without_skeleton_without_file" file="/app/tests/Feature/Console/Commands/BladeMakeCommand/ResourceTest.php" line="63" class="Tests\Feature\Playground\Make\Blade\Console\Commands\BladeMakeCommand\ResourceTest" classname="Tests.Feature.Playground.Make.Blade.Console.Commands.BladeMakeCommand.ResourceTest" assertions="1" time="0.036304"/>
        <testcase name="test_command_make_playground_resource_blade_with_force_and_with_skeleton_without_file" file="/app/tests/Feature/Console/Commands/BladeMakeCommand/ResourceTest.php" line="74" class="Tests\Feature\Playground\Make\Blade\Console\Commands\BladeMakeCommand\ResourceTest" classname="Tests.Feature.Playground.Make.Blade.Console.Commands.BladeMakeCommand.ResourceTest" assertions="1" time="0.036703"/>
        <testcase name="test_command_make_playground_resource_index_blade_with_force_and_without_skeleton" file="/app/tests/Feature/Console/Commands/BladeMakeCommand/ResourceTest.php" line="85" class="Tests\Feature\Playground\Make\Blade\Console\Commands\BladeMakeCommand\ResourceTest" classname="Tests.Feature.Playground.Make.Blade.Console.Commands.BladeMakeCommand.ResourceTest" assertions="1" time="0.032915"/>
        <testcase name="test_command_make_playground_resource_index_blade_with_force_and_with_skeleton" file="/app/tests/Feature/Console/Commands/BladeMakeCommand/ResourceTest.php" line="99" class="Tests\Feature\Playground\Make\Blade\Console\Commands\BladeMakeCommand\ResourceTest" classname="Tests.Feature.Playground.Make.Blade.Console.Commands.BladeMakeCommand.ResourceTest" assertions="1" time="0.031843"/>
        <testcase name="test_command_make_playground_resource_index_blade_with_force_and_without_skeleton_without_file" file="/app/tests/Feature/Console/Commands/BladeMakeCommand/ResourceTest.php" line="113" class="Tests\Feature\Playground\Make\Blade\Console\Commands\BladeMakeCommand\ResourceTest" classname="Tests.Feature.Playground.Make.Blade.Console.Commands.BladeMakeCommand.ResourceTest" assertions="1" time="0.030961"/>
        <testcase name="test_command_make_playground_resource_index_blade_with_force_and_with_skeleton_without_file" file="/app/tests/Feature/Console/Commands/BladeMakeCommand/ResourceTest.php" line="124" class="Tests\Feature\Playground\Make\Blade\Console\Commands\BladeMakeCommand\ResourceTest" classname="Tests.Feature.Playground.Make.Blade.Console.Commands.BladeMakeCommand.ResourceTest" assertions="1" time="0.031272"/>
      </testsuite>
      <testsuite name="Tests\Feature\Playground\Make\Blade\Console\Commands\BladeMakeCommand\SiteTest" file="/app/tests/Feature/Console/Commands/BladeMakeCommand/SiteTest.php" tests="8" assertions="8" errors="0" failures="0" skipped="0" time="0.254478">
        <testcase name="test_command_make_site_blade_with_force_and_without_skeleton" file="/app/tests/Feature/Console/Commands/BladeMakeCommand/SiteTest.php" line="19" class="Tests\Feature\Playground\Make\Blade\Console\Commands\BladeMakeCommand\SiteTest" classname="Tests.Feature.Playground.Make.Blade.Console.Commands.BladeMakeCommand.SiteTest" assertions="1" time="0.032110"/>
        <testcase name="test_command_make_site_blade_with_force_and_with_skeleton" file="/app/tests/Feature/Console/Commands/BladeMakeCommand/SiteTest.php" line="33" class="Tests\Feature\Playground\Make\Blade\Console\Commands\BladeMakeCommand\SiteTest" classname="Tests.Feature.Playground.Make.Blade.Console.Commands.BladeMakeCommand.SiteTest" assertions="1" time="0.031630"/>
        <testcase name="test_command_make_site_blade_with_force_and_without_skeleton_without_file" file="/app/tests/Feature/Console/Commands/BladeMakeCommand/SiteTest.php" line="47" class="Tests\Feature\Playground\Make\Blade\Console\Commands\BladeMakeCommand\SiteTest" classname="Tests.Feature.Playground.Make.Blade.Console.Commands.BladeMakeCommand.SiteTest" assertions="1" time="0.030703"/>
        <testcase name="test_command_make_site_blade_with_force_and_with_skeleton_without_file" file="/app/tests/Feature/Console/Commands/BladeMakeCommand/SiteTest.php" line="58" class="Tests\Feature\Playground\Make\Blade\Console\Commands\BladeMakeCommand\SiteTest" classname="Tests.Feature.Playground.Make.Blade.Console.Commands.BladeMakeCommand.SiteTest" assertions="1" time="0.033453"/>
        <testcase name="test_command_make_playground_blade_with_force_and_without_skeleton" file="/app/tests/Feature/Console/Commands/BladeMakeCommand/SiteTest.php" line="69" class="Tests\Feature\Playground\Make\Blade\Console\Commands\BladeMakeCommand\SiteTest" classname="Tests.Feature.Playground.Make.Blade.Console.Commands.BladeMakeCommand.SiteTest" assertions="1" time="0.031415"/>
        <testcase name="test_command_make_playground_blade_with_force_and_with_skeleton" file="/app/tests/Feature/Console/Commands/BladeMakeCommand/SiteTest.php" line="83" class="Tests\Feature\Playground\Make\Blade\Console\Commands\BladeMakeCommand\SiteTest" classname="Tests.Feature.Playground.Make.Blade.Console.Commands.BladeMakeCommand.SiteTest" assertions="1" time="0.031491"/>
        <testcase name="test_command_make_playground_blade_with_force_and_without_skeleton_without_file" file="/app/tests/Feature/Console/Commands/BladeMakeCommand/SiteTest.php" line="97" class="Tests\Feature\Playground\Make\Blade\Console\Commands\BladeMakeCommand\SiteTest" classname="Tests.Feature.Playground.Make.Blade.Console.Commands.BladeMakeCommand.SiteTest" assertions="1" time="0.030033"/>
        <testcase name="test_command_make_playground_blade_with_force_and_with_skeleton_without_file" file="/app/tests/Feature/Console/Commands/BladeMakeCommand/SiteTest.php" line="108" class="Tests\Feature\Playground\Make\Blade\Console\Commands\BladeMakeCommand\SiteTest" classname="Tests.Feature.Playground.Make.Blade.Console.Commands.BladeMakeCommand.SiteTest" assertions="1" time="0.033643"/>
      </testsuite>
    </testsuite>
  </testsuite>
</testsuites>
